<?xml version="1.0" encoding="UTF-8"?>
<!-- Generated by org.testng.reporters.JUnitReportReporter -->
<testsuite skipped="0" hostname="CHANDU-PC" name="com.fb.qa.testcases.LoginpageTest" tests="4" failures="0" timestamp="2020-01-27T12:21:14 IST" time="9.483" errors="0">
  <testcase name="loginpageTitle" time="0.063" classname="com.fb.qa.testcases.LoginpageTest"/>
  <testcase name="fbpagelogo" time="0.267" classname="com.fb.qa.testcases.LoginpageTest"/>
  <testcase name="loginpageurl" time="0.020" classname="com.fb.qa.testcases.LoginpageTest"/>
  <testcase name="fblogin" time="9.133" classname="com.fb.qa.testcases.LoginpageTest"/>
</testsuite> <!-- com.fb.qa.testcases.LoginpageTest -->
